[debug] [2024-04-24T14:08:23.647Z] ----------------------------------------------------------------------
[debug] [2024-04-24T14:08:23.649Z] Command:       C:\Program Files\nodejs\node.exe C:\Program Files\nodejs\node_modules\firebase-tools\lib\bin\firebase.js init
[debug] [2024-04-24T14:08:23.649Z] CLI Version:   13.7.4
[debug] [2024-04-24T14:08:23.650Z] Platform:      win32
[debug] [2024-04-24T14:08:23.650Z] Node Version:  v18.15.0
[debug] [2024-04-24T14:08:23.651Z] Time:          Wed Apr 24 2024 15:08:23 GMT+0100 (West Africa Standard Time)
[debug] [2024-04-24T14:08:23.651Z] ----------------------------------------------------------------------
[debug] 
[debug] [2024-04-24T14:08:23.656Z] >>> [apiv2][query] GET https://firebase-public.firebaseio.com/cli.json [none]
[debug] [2024-04-24T14:08:23.703Z] > command requires scopes: ["email","openid","https://www.googleapis.com/auth/cloudplatformprojects.readonly","https://www.googleapis.com/auth/firebase","https://www.googleapis.com/auth/cloud-platform"]
[debug] [2024-04-24T14:08:23.704Z] > authorizing via signed-in user (medgues7@gmail.com)
[info] 
     ######## #### ########  ######## ########     ###     ######  ########
     ##        ##  ##     ## ##       ##     ##  ##   ##  ##       ##
     ######    ##  ########  ######   ########  #########  ######  ######
     ##        ##  ##    ##  ##       ##     ## ##     ##       ## ##
     ##       #### ##     ## ######## ########  ##     ##  ######  ########

You're about to initialize a Firebase project in this directory:

  C:\Users\hp\OneDrive\Desktop\package\restaurantapp

[debug] [2024-04-24T14:08:24.074Z] <<< [apiv2][status] GET https://firebase-public.firebaseio.com/cli.json 200
[debug] [2024-04-24T14:08:24.075Z] <<< [apiv2][body] GET https://firebase-public.firebaseio.com/cli.json {"cloudBuildErrorAfter":1594252800000,"cloudBuildWarnAfter":1590019200000,"defaultNode10After":1594252800000,"minVersion":"3.0.5","node8DeploysDisabledAfter":1613390400000,"node8RuntimeDisabledAfter":1615809600000,"node8WarnAfter":1600128000000}
[info] 
=== Project Setup
[info] 
[info] First, let's associate this project directory with a Firebase project.
[info] You can create multiple project aliases by running firebase use --add, 
[info] but for now we'll just set up a default project.
[info] 
[debug] [2024-04-24T14:09:02.836Z] > refreshing access token with scopes: []
[debug] [2024-04-24T14:09:02.837Z] >>> [apiv2][query] POST https://www.googleapis.com/oauth2/v3/token [none]
[debug] [2024-04-24T14:09:02.837Z] >>> [apiv2][body] POST https://www.googleapis.com/oauth2/v3/token [omitted]
[debug] [2024-04-24T14:09:04.122Z] <<< [apiv2][status] POST https://www.googleapis.com/oauth2/v3/token 200
[debug] [2024-04-24T14:09:04.122Z] <<< [apiv2][body] POST https://www.googleapis.com/oauth2/v3/token [omitted]
[debug] [2024-04-24T14:09:04.164Z] >>> [apiv2][query] GET https://firebase.googleapis.com/v1beta1/projects pageSize=100
[debug] [2024-04-24T14:09:04.720Z] <<< [apiv2][status] GET https://firebase.googleapis.com/v1beta1/projects 200
[debug] [2024-04-24T14:09:04.720Z] <<< [apiv2][body] GET https://firebase.googleapis.com/v1beta1/projects [omitted]
[info] i  Using project restaurantapp-a3ab8 (restaurantapp) 
[info] 
=== Hosting Setup
[debug] [2024-04-24T14:09:08.065Z] >>> [apiv2][query] GET https://firebase.googleapis.com/v1beta1/projects/restaurantapp-a3ab8 [none]
[debug] [2024-04-24T14:09:08.392Z] <<< [apiv2][status] GET https://firebase.googleapis.com/v1beta1/projects/restaurantapp-a3ab8 200
[debug] [2024-04-24T14:09:08.392Z] <<< [apiv2][body] GET https://firebase.googleapis.com/v1beta1/projects/restaurantapp-a3ab8 {"projectId":"restaurantapp-a3ab8","projectNumber":"883227630475","displayName":"restaurantapp","name":"projects/restaurantapp-a3ab8","resources":{"hostingSite":"restaurantapp-a3ab8","realtimeDatabaseInstance":"restaurantapp-a3ab8-default-rtdb","storageBucket":"restaurantapp-a3ab8.appspot.com","locationId":"us-central"},"state":"ACTIVE","etag":"1_4d355368-623e-4588-8cfa-45a93268ae61"}
